<?xml version="1.0" encoding="UTF-8"?>
<!-- Generated by org.testng.reporters.JUnitXMLReporter -->
<testsuite ignored="4" hostname="Nickelfox" failures="0" tests="1" name="Default test" time="55.911" errors="0" timestamp="2025-01-06T17:37:44 IST">
  <testcase classname="com.nickelfox.testcases.ServiceITSrvcItConsulting_Test_case" name="VerfySvcItSvcItConsultingTalkToExpert" time="35.668"/>
  <testcase classname="com.nickelfox.testcases.ServiceITSrvcItConsulting_Test_case" name="VerfySvcItSvcItConsultingLetGuideYou" time="0.0">
    <ignored/>
  </testcase> <!-- VerfySvcItSvcItConsultingLetGuideYou -->
  <testcase classname="com.nickelfox.testcases.ServiceITSrvcItConsulting_Test_case" name="VerfySvcItSvcItConsultingLetCollaborate" time="0.0">
    <ignored/>
  </testcase> <!-- VerfySvcItSvcItConsultingLetCollaborate -->
  <testcase classname="com.nickelfox.testcases.ServiceITSrvcItConsulting_Test_case" name="VerfySvcItSvcItConsultingReachOutToUs" time="0.0">
    <ignored/>
  </testcase> <!-- VerfySvcItSvcItConsultingReachOutToUs -->
  <testcase classname="com.nickelfox.testcases.ServiceITSrvcItConsulting_Test_case" name="VerfySvcItSvcItConsultingMakeAMove" time="0.0">
    <ignored/>
  </testcase> <!-- VerfySvcItSvcItConsultingMakeAMove -->
</testsuite> <!-- Default test -->
