<?xml version="1.0" encoding="UTF-8"?>
<!-- Generated by org.testng.reporters.JUnitXMLReporter -->
<testsuite ignored="0" hostname="Nickelfox" failures="0" tests="1" name="Test" time="3.872" errors="0" timestamp="2024-12-24T13:50:28 IST">
  <testcase classname="com.nickelfox.testcases.Contact_Page_Test" name="@BeforeMethod beforeMethod" time="3.803">
    <failure type="java.lang.NullPointerException" message="Cannot invoke &amp;quot;org.openqa.selenium.WebDriver.navigate()&amp;quot; because &amp;quot;this.driver&amp;quot; is null">
      <![CDATA[java.lang.NullPointerException: Cannot invoke "org.openqa.selenium.WebDriver.navigate()" because "this.driver" is null
at com.nickelfox.baseclass.BaseClass.launcTheBrowser(BaseClass.java:39)
at com.nickelfox.testcases.Contact_Page_Test.beforeMethod(Contact_Page_Test.java:17)
at java.base/java.util.ArrayList.forEach(ArrayList.java:1597)
... Removed 29 stack frames]]>
    </failure>
  </testcase> <!-- @BeforeMethod beforeMethod -->
  <testcase classname="com.nickelfox.baseclass.BaseClass" name="@AfterMethod tearDown" time="0.0">
    <skipped/>
  </testcase> <!-- @AfterMethod tearDown -->
  <testcase classname="com.nickelfox.testcases.Contact_Page_Test" name="go_contact_page" time="0.001">
    <skipped/>
  </testcase> <!-- go_contact_page -->
</testsuite> <!-- Test -->
