<?xml version="1.0" encoding="UTF-8"?>
<!-- Generated by org.testng.reporters.JUnitXMLReporter -->
<testsuite ignored="0" hostname="Nickelfox" failures="0" tests="7" name="Test" time="444.197" errors="0" timestamp="2025-01-06T17:07:39 IST">
  <testcase classname="com.nickelfox.testcases.About_Test_case" name="verifyContactFormSubmissionAboutPage" time="39.674"/>
  <testcase classname="com.nickelfox.testcases.Contact_With_Us_Page_Test" name="verifyContactFormSubmission" time="31.734"/>
  <testcase classname="com.nickelfox.testcases.Success_Stories_Page_Test" name="Stories" time="15.13"/>
  <testcase classname="com.nickelfox.testcases.Blog_Page_Test" name="blogTest" time="7.654"/>
  <testcase classname="com.nickelfox.testcases.Industries_Page_Test" name="go_contact_page" time="48.344"/>
  <testcase classname="com.nickelfox.testcases.Live_Chat_Test" name="test" time="69.146"/>
  <testcase classname="com.nickelfox.testcases.Career_Page_Test" name="Test_Career_Form" time="72.101"/>
</testsuite> <!-- Test -->
