<?xml version="1.0" encoding="UTF-8"?>
<testsuite xmlns:xsi="http://www.w3.org/2001/XMLSchema-instance" xsi:noNamespaceSchemaLocation="https://maven.apache.org/surefire/maven-surefire-plugin/xsd/surefire-test-report.xsd" version="3.0.2" name="TestSuite" time="445.035" tests="7" errors="0" skipped="0" failures="0">
  <properties>
[...]
</properties>
  <testcase name="verifyContactFormSubmissionAboutPage" classname="com.nickelfox.testcases.About_Test_case" time="39.666">
    <system-out><![CDATA[user navigate to the website
click about
click contact
Start form filling
enter the full name
enter the email id
enter the code
enter the mobile number
click on the sbumit button
success submitd
Thank You
We have received your request. Our team will get back to you soon.
]]></system-out>
  </testcase>
  <testcase name="verifyContactFormSubmission" classname="com.nickelfox.testcases.Contact_With_Us_Page_Test" time="31.728">
    <system-out><![CDATA[user navigate to the website
*********Verify Contact Form Submission*********
Navigating to Contact Page
enter the full name
enter the email id
enter the code
enter the mobile number
click on the sbumit button
Thank You
We have received your request. Our team will get back to you soon.
]]></system-out>
  </testcase>
  <testcase name="Stories" classname="com.nickelfox.testcases.Success_Stories_Page_Test" time="15.13">
    <system-out><![CDATA[user navigate to the website
click on the Success Stories Page
page title:Nickelfox Portfolio | We Deliver Exceptional Digital Services
Agalia
AGALIA: All-in-One Platform for Nursing Excellence
Case study
NewlyWd
NewlyWd: A Personalized Virtual Wedding Experience
Case study
To & From
To & From is a cutting-edge gifting platform
Case study
Psychscope
Application for Mental Wellness
Case study
United Nations
ARIS Database Redesign for IAEA United Nations
Case study
Vanta Hospitality
Vanta Hospitality - Generative AI Case Study
Case study
Ele – Cyber Security
Addressing API Key Exposure Challenges in iOS Apps: A Case Study on Ele’s Security Solutions
Case study
Brewscout
Mobile (iOS & Android) and Web App for Selling Beer Online
Lifestyle
Hop Bike
Android App & Backend Admin Panel for Sellers Android App for Customers
Travel & Lifestyle
SHOW MORE
]]></system-out>
  </testcase>
  <testcase name="blogTest" classname="com.nickelfox.testcases.Blog_Page_Test" time="7.656">
    <system-out><![CDATA[user navigate to the website
Go to the blog screen
page title:Nickelfox Blogs - Posts By & About Nickelfox & Technologies
In the last few years, we have reconfigured our offerings, taking a human-centred approach to design and technology.We have partnered with the United Nations, The NY Times, ITC, Gucci, GE, Dunzo, MyGov, and others to deliver successful software solutions.
How to Use Generative AI to Automate Events in Your Daily Calendar?
Keeping up with the fast pace of life in a multifaceted digital world is quite challenging. With a multitude of endeavors to achieve and accomplish daily...
How Video Streaming Apps like Netflix Use AI to Enhance their UI/UX Design
sn’t it crazy how much time we spend binge-watching videos on phone and TV apps? It’s like we’re unknowingly punching in for another full work week each month...
How and When to Use Generative AI in Your Content Generation Process
Generative AI isn’t an average run-of-the-mill artificial intelligence— it’s way advanced. It gives machines the ability to come up with original content all by itself.
Enhance Customer Support for Your App with Generative AI
Technology, Generative AI to be precise, can be a game-changer for your mobile app when it comes to ensuring customer support for your app users.
Use GenAI to change the way people search on your e-commerce platform
Generative AI presents an opportunity for gaining a competitive advantage in the e-commerce sector through enhanced search functionality...
Google’s ‘Circle to Search’ and ‘AI-Powered Overviews’ will Change How Users Explore Internet
Within the tech-driven landscape accelerated by AI, Google is once again at the forefront with the launch of its revolutionary search feature, ‘Circle to Search.’
How Much does It Cost to Develop an App like Uber?
Creating an app like Uber is easier said than done, i.e., a labor-intensive and focus-demanding process. If you are planning to venture into the on-demand taxi booking service industry, you might need an app..
Gmail Allows Users to ‘Unsubscribe’ Bulk Emails in One Go with Its Latest Update
Gmail has recently announced a new update for users which allows them to manage bulk emails in one go. A new ‘unsubscribe’ button is now more visible...
A Peek into How AI is Redefining Wedding Scene in India
Artificial Intelligence (AI) has emerged as a game-changer in various aspects of our lives.
]]></system-out>
  </testcase>
  <testcase name="go_contact_page" classname="com.nickelfox.testcases.Industries_Page_Test" time="48.34">
    <system-out><![CDATA[user navigate to the website
click on the industries
goes to the Health tech
Click on the health Care
Page verified
click on the lets connect button
enter the full name
enter the email id
enter the code
enter the mobile number
click on the sbumit button
Thank You
We have received your request. Our team will get back to you soon.
]]></system-out>
  </testcase>
  <testcase name="test" classname="com.nickelfox.testcases.Live_Chat_Test" time="69.147">
    <system-out><![CDATA[user navigate to the website
Click on the live chat icon
Select the Design & Development Services option from the chat
select the UI/UX Design from the Chat
enter the message
Click on the send button
enter the number
Click on the send button
enter the number
Click on the send button
]]></system-out>
  </testcase>
  <testcase name="Test_Career_Form" classname="com.nickelfox.testcases.Career_Page_Test" time="72.107">
    <system-out><![CDATA[user navigate to the website
click on the career link
click on the job apply
Page title of active tab: Nickelfox - Sales Specialist in Noida
click on the intersted button
en ter the first name
enter the last name
enter the mobile number
enter the email id
enter the current CTC
enter the expected CTC
enter the notice period
enter the exp
click on the skill field
enter the skill
click on the apply button
enter the city name
select the city
enter the state
enter the linkdin link
resume upload successfully
]]></system-out>
  </testcase>
</testsuite>