<?xml version="1.0" encoding="UTF-8"?>
<testng-results ignored="0" total="1" passed="1" failed="0" skipped="0">
  <reporter-output>
  </reporter-output>
  <suite started-at="2025-01-06T17:36:48 IST" name="Default suite" finished-at="2025-01-06T17:37:44 IST" duration-ms="55911">
    <groups>
    </groups>
    <test started-at="2025-01-06T17:36:48 IST" name="Default test" finished-at="2025-01-06T17:37:44 IST" duration-ms="55911">
      <class name="com.nickelfox.testcases.ServiceITSrvcItConsulting_Test_case">
        <test-method is-config="true" signature="beforeMethod()[pri:0, instance:com.nickelfox.testcases.ServiceITSrvcItConsulting_Test_case@2da59753]" started-at="2025-01-06T17:36:48 IST" name="beforeMethod" finished-at="2025-01-06T17:37:03 IST" duration-ms="15201" status="PASS">
          <reporter-output>
          </reporter-output>
        </test-method> <!-- beforeMethod -->
        <test-method signature="VerfySvcItSvcItConsultingTalkToExpert()[pri:1, instance:com.nickelfox.testcases.ServiceITSrvcItConsulting_Test_case@2da59753]" started-at="2025-01-06T17:37:03 IST" name="VerfySvcItSvcItConsultingTalkToExpert" finished-at="2025-01-06T17:37:39 IST" duration-ms="35668" status="PASS">
          <reporter-output>
          </reporter-output>
        </test-method> <!-- VerfySvcItSvcItConsultingTalkToExpert -->
        <test-method is-config="true" signature="tearDown(org.testng.ITestResult)[pri:0, instance:com.nickelfox.testcases.ServiceITSrvcItConsulting_Test_case@2da59753]" started-at="2025-01-06T17:37:39 IST" name="tearDown" finished-at="2025-01-06T17:37:44 IST" duration-ms="5010" status="PASS">
          <params>
            <param index="0">
              <value>
                <![CDATA[[TestResult name=VerfySvcItSvcItConsultingTalkToExpert status=SUCCESS method=ServiceITSrvcItConsulting_Test_case.VerfySvcItSvcItConsultingTalkToExpert()[pri:1, instance:com.nickelfox.testcases.ServiceITSrvcItConsulting_Test_case@2da59753] output={null}]]]>
              </value>
            </param>
          </params>
          <reporter-output>
          </reporter-output>
        </test-method> <!-- tearDown -->
      </class> <!-- com.nickelfox.testcases.ServiceITSrvcItConsulting_Test_case -->
    </test> <!-- Default test -->
  </suite> <!-- Default suite -->
</testng-results>
